Looking for git in: git
Using git 2.16.5 from git
> git rev-parse --show-toplevel
> git rev-parse --git-dir
Open repository: /students/cs304reclib
> git status -z -u
> git check-ignore -v -z --stdin
> git check-ignore -v -z --stdin
> git check-ignore -v -z --stdin
> git show :project.0/1121.sql
> git ls-files --stage -- project.0/
> git show :project.0/add.py
> git show :project.0/.gitignore
> git show :project.0/add.py
> git show :project.0/app.py
> git check-ignore -v -z --stdin
> git show :project.0/templates/base.html
> git show :project.0/templates/album.html
> git ls-files --stage -- project.0/templates/
> git show :project.0/templates/results.html
> git show :project.0/templates/base.html
> git show :project.0/app.py
> git show :project.0/app.py
> git show :project.0/app.py
> git show :draft/app.py
> git ls-files --stage -- draft/
> git check-ignore -v -z --stdin
> git show :draft/app.py
> git show :draft/app.py
> git show :draft/app.py
> git show :draft/app.py
> git show :draft/app.py
> git check-ignore -v -z --stdin
> git check-ignore -v -z --stdin
> git check-ignore -v -z --stdin
> git show :draft/templates/check-in.html
> git ls-files --stage -- draft/templates/
> git check-ignore -v -z --stdin
> git show :draft/templates/album.html
> git show :draft/templates/add.html
> git show :draft/templates/check-in.html
> git ls-files --stage -- draft/templates/
> git show :draft/templates/album.html
> git show :draft/templates/check-in.html
> git ls-files --stage -- draft/templates/
> git show :draft/app.py
> git show :draft/getters.py
> git show :draft/app.py
> git show :draft/templates/check-in.html
> git ls-files --stage -- draft/templates/
> git show :draft/app.py
> git show :draft/templates/check-in.html
> git ls-files --stage -- draft/templates/
> git show :draft/templates/base.html
> git show :draft/templates/check-in.html
> git ls-files --stage -- draft/templates/
> git show :draft/app.py
> git show :draft/templates/check-in.html
> git ls-files --stage -- draft/templates/
> git show :draft/templates/base.html
> git show :draft/templates/check-in.html
> git ls-files --stage -- draft/templates/
> git show :draft/app.py
> git show :draft/getters.py
> git check-ignore -v -z --stdin
> git check-ignore -v -z --stdin
> git check-ignore -v -z --stdin
> git show :venv/lib/python3.6/site-packages/dbi.py
> git ls-files --stage -- venv/lib/python3.6/site-packages/
> git check-ignore -v -z --stdin
> git show :draft/app.py
> git show :venv/lib/python3.6/site-packages/dbi.py
> git ls-files --stage -- venv/lib/python3.6/site-packages/
> git show :draft/app.py
> git show :draft/templates/check-in.html
> git ls-files --stage -- draft/templates/
> git show :draft/app.py
> git show :draft/templates/check-in.html
> git ls-files --stage -- draft/templates/
> git show :draft/app.py
> git show :draft/templates/check-in.html
> git ls-files --stage -- draft/templates/
> git show :draft/templates/check-in.html
> git show :draft/templates/check-in.html
