[2019-12-15 11:56:15.329] [exthost] [info] extension host started
[2019-12-15 11:56:15.797] [exthost] [info] ExtensionService#_doActivateExtension vscode.python {"startup":false,"extensionId":{"value":"vscode.python","_lower":"vscode.python"},"activationEvent":"onLanguage:python"}
[2019-12-15 11:56:15.798] [exthost] [info] ExtensionService#loadCommonJSModule file:///students/cs304reclib/.vscode-server/bin/9579eda04fdb3a9bba2750f15193e5fafe16b959/extensions/python/dist/pythonMain
[2019-12-15 11:56:15.804] [exthost] [info] ExtensionService#_doActivateExtension vscode.configuration-editing {"startup":false,"extensionId":{"value":"vscode.configuration-editing","_lower":"vscode.configuration-editing"},"activationEvent":"onLanguage:json"}
[2019-12-15 11:56:15.804] [exthost] [info] ExtensionService#loadCommonJSModule file:///students/cs304reclib/.vscode-server/bin/9579eda04fdb3a9bba2750f15193e5fafe16b959/extensions/configuration-editing/dist/extension
[2019-12-15 11:56:15.815] [exthost] [info] ExtensionService#_doActivateExtension vscode.extension-editing {"startup":false,"extensionId":{"value":"vscode.extension-editing","_lower":"vscode.extension-editing"},"activationEvent":"onLanguage:json"}
[2019-12-15 11:56:15.815] [exthost] [info] ExtensionService#loadCommonJSModule file:///students/cs304reclib/.vscode-server/bin/9579eda04fdb3a9bba2750f15193e5fafe16b959/extensions/extension-editing/dist/extension
[2019-12-15 11:56:15.836] [exthost] [info] ExtensionService#_doActivateExtension vscode.json-language-features {"startup":false,"extensionId":{"value":"vscode.json-language-features","_lower":"vscode.json-language-features"},"activationEvent":"onLanguage:json"}
[2019-12-15 11:56:15.836] [exthost] [info] ExtensionService#loadCommonJSModule file:///students/cs304reclib/.vscode-server/bin/9579eda04fdb3a9bba2750f15193e5fafe16b959/extensions/json-language-features/client/dist/jsonMain
[2019-12-15 11:56:15.897] [exthost] [info] ExtensionService#_doActivateExtension vscode.npm {"startup":false,"extensionId":{"value":"vscode.npm","_lower":"vscode.npm"},"activationEvent":"onLanguage:json"}
[2019-12-15 11:56:15.898] [exthost] [info] ExtensionService#loadCommonJSModule file:///students/cs304reclib/.vscode-server/bin/9579eda04fdb3a9bba2750f15193e5fafe16b959/extensions/npm/dist/main
[2019-12-15 11:56:15.920] [exthost] [info] ExtensionService#_doActivateExtension vscode.typescript-language-features {"startup":false,"extensionId":{"value":"vscode.typescript-language-features","_lower":"vscode.typescript-language-features"},"activationEvent":"onLanguage:typescript"}
[2019-12-15 11:56:15.920] [exthost] [info] ExtensionService#loadCommonJSModule file:///students/cs304reclib/.vscode-server/bin/9579eda04fdb3a9bba2750f15193e5fafe16b959/extensions/typescript-language-features/dist/extension
[2019-12-15 11:56:15.974] [exthost] [info] ExtensionService#_doActivateExtension vscode.debug-auto-launch {"startup":true,"extensionId":{"value":"vscode.debug-auto-launch","_lower":"vscode.debug-auto-launch"},"activationEvent":"*"}
[2019-12-15 11:56:15.974] [exthost] [info] ExtensionService#loadCommonJSModule file:///students/cs304reclib/.vscode-server/bin/9579eda04fdb3a9bba2750f15193e5fafe16b959/extensions/debug-auto-launch/dist/extension
[2019-12-15 11:56:15.981] [exthost] [info] ExtensionService#_doActivateExtension vscode.emmet {"startup":true,"extensionId":{"value":"vscode.emmet","_lower":"vscode.emmet"},"activationEvent":"*"}
[2019-12-15 11:56:15.981] [exthost] [info] ExtensionService#loadCommonJSModule file:///students/cs304reclib/.vscode-server/bin/9579eda04fdb3a9bba2750f15193e5fafe16b959/extensions/emmet/dist/extension
[2019-12-15 11:56:16.025] [exthost] [info] ExtensionService#_doActivateExtension vscode.git {"startup":true,"extensionId":{"value":"vscode.git","_lower":"vscode.git"},"activationEvent":"*"}
[2019-12-15 11:56:16.026] [exthost] [info] ExtensionService#loadCommonJSModule file:///students/cs304reclib/.vscode-server/bin/9579eda04fdb3a9bba2750f15193e5fafe16b959/extensions/git/dist/main
[2019-12-15 11:56:16.213] [exthost] [info] ExtensionService#_doActivateExtension vscode.merge-conflict {"startup":true,"extensionId":{"value":"vscode.merge-conflict","_lower":"vscode.merge-conflict"},"activationEvent":"*"}
[2019-12-15 11:56:16.217] [exthost] [info] ExtensionService#loadCommonJSModule file:///students/cs304reclib/.vscode-server/bin/9579eda04fdb3a9bba2750f15193e5fafe16b959/extensions/merge-conflict/dist/extension
[2019-12-15 11:56:16.249] [exthost] [info] ExtensionService#_doActivateExtension vscode.search-result {"startup":true,"extensionId":{"value":"vscode.search-result","_lower":"vscode.search-result"},"activationEvent":"*"}
[2019-12-15 11:56:16.249] [exthost] [info] ExtensionService#loadCommonJSModule file:///students/cs304reclib/.vscode-server/bin/9579eda04fdb3a9bba2750f15193e5fafe16b959/extensions/search-result/dist/extension.js
[2019-12-15 11:56:16.270] [exthost] [info] eager extensions activated
