Looking for git in: git
Using git 2.16.5 from git
> git rev-parse --show-toplevel
> git rev-parse --git-dir
Open repository: /students/cs304reclib
> git status -z -u
> git check-ignore -v -z --stdin
> git check-ignore -v -z --stdin
> git check-ignore -v -z --stdin
> git check-ignore -v -z --stdin
> git check-ignore -v -z --stdin
> git show :project.1/templates/base.html
> git ls-files --stage -- project.1/templates/
> git show :project.1/templates/results.html
> git ls-files --stage -- project.1/templates/
> git show :project.1/app.py
> git ls-files --stage -- project.1/
> git show :project.1/getters.py
> git ls-files --stage -- project.1/
> git show :project.1/getters.py
> git ls-files --stage -- project.1/
> git show :project.1/getters.py
> git ls-files --stage -- project.1/
> git check-ignore -v -z --stdin
> git check-ignore -v -z --stdin
> git check-ignore -v -z --stdin
> git check-ignore -v -z --stdin
> git show :project/reclib.py
> git ls-files --stage -- project/
> git show :project.0/templates/album.html
> git ls-files --stage -- project.0/templates/
> git check-ignore -v -z --stdin
> git show :project.0/templates/base.html
> git show :project.0/templates/results.html
> git show :project.0/templates/album.html
> git ls-files --stage -- project.0/templates/
> git show :project.0/templates/base.html
> git show :project.0/templates/album.html
> git ls-files --stage -- project.0/templates/
> git show :project.0/getters.py
> git check-ignore -v -z --stdin
> git show :project.0/templates/album.html
> git ls-files --stage -- project.0/templates/
> git show :project.0/app.py
> git show :project.0/getters.py
> git show :project.0/templates/album.html
> git ls-files --stage -- project.0/templates/
> git show :project.0/templates/base.html
> git show :project.0/app.py
> git show :project.0/templates/album.html
> git ls-files --stage -- project.0/templates/
> git show :project.0/templates/base.html
> git show :project.0/templates/album.html
> git ls-files --stage -- project.0/templates/
> git show :project.0/getters.py
> git show :project.0/app.py
> git show :project.0/templates/album.html
> git ls-files --stage -- project.0/templates/
> git show :project.0/templates/base.html
> git show :project.0/templates/album.html
> git ls-files --stage -- project.0/templates/
> git show :project.0/templates/results.html
> git show :project.0/templates/album.html
> git ls-files --stage -- project.0/templates/
> git show :project.0/app.py
> git show :project.0/templates/album.html
> git ls-files --stage -- project.0/templates/
> git show :project.0/getters.py
> git show :project.0/templates/album.html
> git ls-files --stage -- project.0/templates/
> git show :project.0/templates/results.html
> git show :project.0/templates/album.html
> git ls-files --stage -- project.0/templates/
> git show :project.0/app.py
> git show :project.0/templates/album.html
> git ls-files --stage -- project.0/templates/
> git show :project.0/templates/results.html
> git show :project.0/templates/album.html
> git ls-files --stage -- project.0/templates/
> git show :project.0/templates/results.html
> git show :project.0/templates/album.html
> git ls-files --stage -- project.0/templates/
> git show :project.0/templates/results.html
> git show :project.0/app.py
> git show :project.0/templates/base.html
> git show :project.0/templates/album.html
> git ls-files --stage -- project.0/templates/
> git show :project.0/app.py
> git show :project.0/getters.py
> git show :project.0/app.py
> git show :project.0/getters.py
> git show :project.0/app.py
> git show :project.0/getters.py
> git show :project.0/templates/album.html
> git ls-files --stage -- project.0/templates/
> git show :project.0/app.py
> git show :project.0/templates/album.html
> git ls-files --stage -- project.0/templates/
> git show :project.0/app.py
> git show :project.0/templates/album.html
> git ls-files --stage -- project.0/templates/
> git show :project.0/templates/results.html
> git show :project.0/templates/album.html
> git ls-files --stage -- project.0/templates/
> git show :project.0/templates/base.html
> git show :project.0/templates/album.html
> git ls-files --stage -- project.0/templates/
> git show :project.0/app.py
