Looking for git in: git
Using git 2.16.5 from git
> git rev-parse --show-toplevel
> git rev-parse --git-dir
Open repository: /students/cs304reclib
> git status -z -u
> git check-ignore -v -z --stdin
> git check-ignore -v -z --stdin
> git symbolic-ref --short HEAD
> git rev-parse master
> git rev-parse --symbolic-full-name master@{u}
> git rev-list --left-right master...refs/remotes/origin/master
> git for-each-ref --format %(refname) %(objectname) --sort -committerdate
> git remote --verbose
> git config --get commit.template
> git status -z -u
> git check-ignore -v -z --stdin
> git symbolic-ref --short HEAD
> git rev-parse master
> git rev-parse --symbolic-full-name master@{u}
> git rev-list --left-right master...refs/remotes/origin/master
> git for-each-ref --format %(refname) %(objectname) --sort -committerdate
> git remote --verbose
> git config --get commit.template
> git check-ignore -v -z --stdin
> git check-ignore -v -z --stdin
> git check-ignore -v -z --stdin
> git check-ignore -v -z --stdin
> git check-ignore -v -z --stdin
> git check-ignore -v -z --stdin
> git check-ignore -v -z --stdin
> git check-ignore -v -z --stdin
> git check-ignore -v -z --stdin
> git check-ignore -v -z --stdin
> git check-ignore -v -z --stdin
> git show :beta/static/style.css
> git show :beta/templates/base.html
> git check-ignore -v -z --stdin
> git show :beta/templates/album.html
> git show :beta/uikit/dist/css/uikit-rtl.css
> git ls-files --stage -- beta/uikit/dist/css/
> git show :beta/uikit/dist/css/uikit-rtl.min.css
> git ls-files --stage -- beta/uikit/dist/css/
> git show :beta/uikit/dist/css/uikit-rtl.css
> git ls-files --stage -- beta/uikit/dist/css/
> git show :beta/uikit/dist/css/uikit.css
> git ls-files --stage -- beta/uikit/dist/css/
> git show :beta/templates/base.html
> git check-ignore -v -z --stdin
> git show :beta/app.py
> git show :beta/templates/base.html
> git show :beta/app.py
> git show :beta/uikit/dist/css/uikit.css
> git ls-files --stage -- beta/uikit/dist/css/
> git show :beta/static/style.css
> git show :beta/templates/base.html
> git show :beta/static/style.css
> git show :beta/app.py
> git show :beta/templates/base.html
> git show :beta/app.py
> git show :beta/templates/base.html
> git show :beta/static/style.css
> git show :beta/templates/base.html
