Looking for git in: git
Using git 2.16.5 from git
> git rev-parse --show-toplevel
> git rev-parse --git-dir
Open repository: /students/cs304reclib
> git status -z -u
> git check-ignore -v -z --stdin
> git symbolic-ref --short HEAD
> git rev-parse master
> git rev-parse --symbolic-full-name master@{u}
> git rev-list --left-right master...refs/remotes/origin/master
> git for-each-ref --format %(refname) %(objectname) --sort -committerdate
> git remote --verbose
> git config --get commit.template
> git status -z -u
> git symbolic-ref --short HEAD
> git rev-parse master
> git rev-parse --symbolic-full-name master@{u}
> git rev-list --left-right master...refs/remotes/origin/master
> git for-each-ref --format %(refname) %(objectname) --sort -committerdate
> git remote --verbose
> git config --get commit.template
> git check-ignore -v -z --stdin
> git show :alpha/static/style.css
> git check-ignore -v -z --stdin
> git show :alpha/static/style.css
> git show :alpha/static/style.css
> git show :alpha/static/style.css
> git show :alpha/app.py
> git show :alpha/static/style.css
> git check-ignore -v -z --stdin
> git show :alpha/templates/base.html
> git show :alpha/static/style.css
