Looking for git in: git
Using git 2.16.5 from git
> git rev-parse --show-toplevel
> git rev-parse --git-dir
Open repository: /students/cs304reclib
> git status -z -u
> git check-ignore -v -z --stdin
> git show :draft/1121.sql
> git symbolic-ref --short HEAD
> git rev-parse master
> git rev-parse --symbolic-full-name master@{u}
> git rev-list --left-right master...refs/remotes/origin/master
> git for-each-ref --format %(refname) %(objectname) --sort -committerdate
> git remote --verbose
> git config --get commit.template
> git status -z -u
> git symbolic-ref --short HEAD
> git rev-parse master
> git rev-parse --symbolic-full-name master@{u}
> git rev-list --left-right master...refs/remotes/origin/master
> git for-each-ref --format %(refname) %(objectname) --sort -committerdate
> git remote --verbose
> git config --get commit.template
> git check-ignore -v -z --stdin
> git check-ignore -v -z --stdin
> git show :draft/templates/album.html
> git check-ignore -v -z --stdin
> git show :draft/templates/results.html
> git show :draft/static/style.css
> git check-ignore -v -z --stdin
> git check-ignore -v -z --stdin
> git show :alpha/templates/insert.html
> git show :alpha/templates/base.html
> git show :alpha/app.py
> git show :alpha/getters.py
> git show :alpha/getters.py
> git show :alpha/setters.py
> git show :alpha/app.py
> git show :alpha/setters.py
> git show :alpha/app.py
> git show :alpha/setters.py
> git show :alpha/app.py
> git show :alpha/templates/insert.html
> git show :alpha/app.py
> git show :alpha/templates/base.html
> git show :alpha/getters.py
> git show :alpha/templates/update.html
> git show :alpha/setters.py
> git show :alpha/getters.py
> git show :alpha/templates/insert.html
> git show :alpha/setters.py
> git show :alpha/app.py
> git show :alpha/setters.py
> git show :alpha/getters.py
> git show :alpha/templates/update.html
> git show :alpha/templates/base.html
> git show :alpha/setters.py
> git show :alpha/app.py
> git show :alpha/setters.py
> git show :alpha/app.py
> git show :alpha/templates/update.html
> git show :alpha/app.py
> git show :alpha/templates/update.html
> git show :alpha/app.py
> git show :alpha/templates/update.html
> git show :alpha/app.py
> git show :alpha/templates/insert.html
> git show :alpha/templates/update.html
> git show :alpha/app.py
> git show :alpha/templates/update.html
> git show :alpha/app.py
> git show :alpha/app.py
> git show :alpha/results.csv
> git show :alpha/app.py
> git show :alpha/templates/update.html
> git show :alpha/templates/insert.html
> git show :alpha/app.py
> git show :alpha/setters.py
> git show :alpha/app.py
> git show :alpha/templates/update.html
> git show :alpha/app.py
> git check-ignore -v -z --stdin
> git show :alpha/sql/create_album.sql
> git show :alpha/app.py
> git show :alpha/templates/update.html
> git show :alpha/app.py
> git show :alpha/setters.py
> git show :alpha/app.py
> git status -z -u
> git show :alpha/app.py
> git symbolic-ref --short HEAD
> git rev-parse master
> git rev-parse --symbolic-full-name master@{u}
> git rev-list --left-right master...refs/remotes/origin/master
> git for-each-ref --format %(refname) %(objectname) --sort -committerdate
> git remote --verbose
> git config --get commit.template
> git status -z -u
> git show :alpha/app.py
> git symbolic-ref --short HEAD
> git rev-parse master
> git rev-parse --symbolic-full-name master@{u}
> git rev-list --left-right master...refs/remotes/origin/master
> git for-each-ref --format %(refname) %(objectname) --sort -committerdate
> git remote --verbose
> git config --get commit.template
> git show :alpha/app.py
> git status -z -u
> git symbolic-ref --short HEAD
> git rev-parse master
> git rev-parse --symbolic-full-name master@{u}
> git rev-list --left-right master...refs/remotes/origin/master
> git for-each-ref --format %(refname) %(objectname) --sort -committerdate
> git remote --verbose
> git config --get commit.template
> git show :alpha/templates/results.html
> git show :alpha/templates/base.html
> git show :alpha/templates/reservation.html
> git ls-files --stage -- alpha/templates/
> git check-ignore -v -z --stdin
> git show :alpha/templates/base.html
> git show :alpha/templates/reservation.html
> git ls-files --stage -- alpha/templates/
> git show :alpha/templates/check-in.html
> git show :alpha/templates/album.html
> git show :alpha/templates/artist.html
> git show :alpha/templates/base.html
> git show :alpha/templates/artist.html
> git show :alpha/templates/reservation.html
> git ls-files --stage -- alpha/templates/
> git show :alpha/templates/results.html
> git show :alpha/templates/reservation.html
> git ls-files --stage -- alpha/templates/
> git show :alpha/templates/update.html
> git show :alpha/app.py
> git show :alpha/templates/base.html
> git show :alpha/templates/reservation.html
> git ls-files --stage -- alpha/templates/
> git show :alpha/setters.py
> git show :alpha/getters.py
> git show :alpha/templates/reservation.html
> git ls-files --stage -- alpha/templates/
> git show :alpha/app.py
> git show :alpha/templates/reservation.html
> git ls-files --stage -- alpha/templates/
> git show :alpha/templates/base.html
> git show :alpha/app.py
> git show :alpha/setters.py
> git show :alpha/getters.py
> git show :alpha/app.py
> git show :alpha/templates/reservation.html
> git ls-files --stage -- alpha/templates/
> git show :alpha/app.py
> git show :alpha/templates/base.html
> git show :alpha/templates/reservation.html
> git ls-files --stage -- alpha/templates/
> git show :alpha/setters.py
> git show :alpha/getters.py
> git show :alpha/setters.py
> git show :alpha/getters.py
> git show :alpha/setters.py
> git show :alpha/getters.py
> git show :alpha/templates/base.html
> git show :alpha/templates/reservation.html
> git ls-files --stage -- alpha/templates/
> git show :alpha/setters.py
> git show :alpha/getters.py
> git show :alpha/app.py
> git show :alpha/templates/base.html
> git show :alpha/templates/reservation.html
> git ls-files --stage -- alpha/templates/
> git show :alpha/templates/base.html
> git show :alpha/app.py
> git show :alpha/templates/reservation.html
> git ls-files --stage -- alpha/templates/
> git show :alpha/getters.py
> git show :alpha/app.py
> git show :alpha/getters.py
> git show :alpha/app.py
> git show :alpha/templates/base.html
> git show :alpha/templates/reservation.html
> git ls-files --stage -- alpha/templates/
> git show :alpha/templates/base.html
> git show :alpha/app.py
> git show :alpha/templates/reservation.html
> git ls-files --stage -- alpha/templates/
> git show :alpha/templates/base.html
> git show :alpha/app.py
> git show :alpha/templates/base.html
> git show :alpha/app.py
> git show :alpha/templates/reservation.html
> git ls-files --stage -- alpha/templates/
> git show :alpha/app.py
> git show :alpha/templates/reservation.html
> git ls-files --stage -- alpha/templates/
> git show :alpha/app.py
> git show :alpha/templates/reservation.html
> git ls-files --stage -- alpha/templates/
> git show :alpha/templates/album.html
> git show :alpha/templates/reservation.html
> git ls-files --stage -- alpha/templates/
> git show :alpha/templates/album.html
> git show :alpha/templates/reservation.html
> git ls-files --stage -- alpha/templates/
> git show :alpha/app.py
> git show :alpha/templates/reservation.html
> git ls-files --stage -- alpha/templates/
> git show :alpha/app.py
> git show :alpha/templates/reservation.html
> git ls-files --stage -- alpha/templates/
> git show :alpha/app.py
> git show :alpha/templates/reservation.html
> git ls-files --stage -- alpha/templates/
> git show :alpha/app.py
> git show :alpha/templates/reservation.html
> git ls-files --stage -- alpha/templates/
> git status -z -u
> git show :alpha/templates/reservation.html
> git symbolic-ref --short HEAD
> git rev-parse master
> git rev-parse --symbolic-full-name master@{u}
> git rev-list --left-right master...refs/remotes/origin/master
> git for-each-ref --format %(refname) %(objectname) --sort -committerdate
> git remote --verbose
> git config --get commit.template
> git status -z -u
> git show :alpha/templates/reservation.html
> git symbolic-ref --short HEAD
> git rev-parse master
> git rev-parse --symbolic-full-name master@{u}
> git rev-list --left-right master...refs/remotes/origin/master
> git for-each-ref --format %(refname) %(objectname) --sort -committerdate
> git remote --verbose
> git config --get commit.template
> git show :alpha/templates/reservation.html
> git status -z -u
> git symbolic-ref --short HEAD
> git rev-parse master
> git rev-parse --symbolic-full-name master@{u}
> git rev-list --left-right master...refs/remotes/origin/master
> git for-each-ref --format %(refname) %(objectname) --sort -committerdate
> git remote --verbose
> git config --get commit.template
