Looking for git in: git
Using git 2.16.5 from git
> git rev-parse --show-toplevel
> git rev-parse --git-dir
Open repository: /students/cs304reclib
> git status -z -u
> git show :draft/getters.py
> git check-ignore -v -z --stdin
> git check-ignore -v -z --stdin
> git show :draft/add.py
> git show :draft/app.py
> git show :draft/add.py
> git show :draft/getters.py
> git show :draft/.gitignore
> git check-ignore -v -z --stdin
> git show :draft/.env
> git ls-files --stage -- draft/
> git show :draft/getters.py
> git show :draft/app.py
> git show :draft/add.py
> git check-ignore -v -z --stdin
> git show :draft/add.py
> git show :draft/add.py
> git show :draft/app.py
> git show :draft/app.py
> git show :draft/app.py
> git show :draft/app.py
> git show :draft/app.py
> git show :draft/app.py
> git show :draft/app.py
> git show :draft/app.py
> git check-ignore -v -z --stdin
> git show :draft/getters.py
> git show :draft/add.py
> git show :draft/getters.py
> git show :draft/add.py
> git show :draft/add.py
> git check-ignore -v -z --stdin
> git show :draft/templates/artist.html
> git show :draft/app.py
> git show :draft/add.py
> git show :draft/templates/artist.html
> git show :draft/templates/results.html
> git show :draft/getters.py
> git show :draft/templates/results.html
> git show :draft/getters.py
> git show :draft/getters.py
> git show :draft/getters.py
> git show :draft/getters.py
> git show :draft/getters.py
> git show :draft/getters.py
> git show :draft/templates/results.html
> git check-ignore -v -z --stdin
> git check-ignore -v -z --stdin
> git show :draft/static/style.css
> git show :draft/templates/results.html
> git check-ignore -v -z --stdin
> git check-ignore -v -z --stdin
> git check-ignore -v -z --stdin
> git show :draft/templates/results.html
