[2019-12-13 15:18:22.360] [exthost] [info] extension host started
[2019-12-13 15:18:22.416] [exthost] [info] ExtensionService#_doActivateExtension vscode.debug-auto-launch {"startup":true,"extensionId":{"value":"vscode.debug-auto-launch","_lower":"vscode.debug-auto-launch"},"activationEvent":"*"}
[2019-12-13 15:18:22.417] [exthost] [info] ExtensionService#loadCommonJSModule file:///students/cs304reclib/.vscode-server/bin/f359dd69833dd8800b54d458f6d37ab7c78df520/extensions/debug-auto-launch/dist/extension
[2019-12-13 15:18:22.430] [exthost] [info] ExtensionService#_doActivateExtension vscode.emmet {"startup":true,"extensionId":{"value":"vscode.emmet","_lower":"vscode.emmet"},"activationEvent":"*"}
[2019-12-13 15:18:22.430] [exthost] [info] ExtensionService#loadCommonJSModule file:///students/cs304reclib/.vscode-server/bin/f359dd69833dd8800b54d458f6d37ab7c78df520/extensions/emmet/dist/extension
[2019-12-13 15:18:22.477] [exthost] [info] ExtensionService#_doActivateExtension vscode.git {"startup":true,"extensionId":{"value":"vscode.git","_lower":"vscode.git"},"activationEvent":"*"}
[2019-12-13 15:18:22.477] [exthost] [info] ExtensionService#loadCommonJSModule file:///students/cs304reclib/.vscode-server/bin/f359dd69833dd8800b54d458f6d37ab7c78df520/extensions/git/dist/main
[2019-12-13 15:18:22.567] [exthost] [info] ExtensionService#_doActivateExtension vscode.merge-conflict {"startup":true,"extensionId":{"value":"vscode.merge-conflict","_lower":"vscode.merge-conflict"},"activationEvent":"*"}
[2019-12-13 15:18:22.567] [exthost] [info] ExtensionService#loadCommonJSModule file:///students/cs304reclib/.vscode-server/bin/f359dd69833dd8800b54d458f6d37ab7c78df520/extensions/merge-conflict/dist/extension
[2019-12-13 15:18:22.578] [exthost] [info] eager extensions activated
[2019-12-13 15:20:56.775] [exthost] [info] ExtensionService#_doActivateExtension vscode.python {"startup":false,"extensionId":{"value":"vscode.python","_lower":"vscode.python"},"activationEvent":"onLanguage:python"}
[2019-12-13 15:20:56.775] [exthost] [info] ExtensionService#loadCommonJSModule file:///students/cs304reclib/.vscode-server/bin/f359dd69833dd8800b54d458f6d37ab7c78df520/extensions/python/dist/pythonMain
[2019-12-13 15:20:58.717] [exthost] [info] ExtensionService#_doActivateExtension vscode.html-language-features {"startup":false,"extensionId":{"value":"vscode.html-language-features","_lower":"vscode.html-language-features"},"activationEvent":"onLanguage:html"}
[2019-12-13 15:20:58.718] [exthost] [info] ExtensionService#loadCommonJSModule file:///students/cs304reclib/.vscode-server/bin/f359dd69833dd8800b54d458f6d37ab7c78df520/extensions/html-language-features/client/dist/htmlMain
[2019-12-13 15:57:08.167] [exthost] [info] ExtensionService#_doActivateExtension vscode.configuration-editing {"startup":false,"extensionId":{"value":"vscode.configuration-editing","_lower":"vscode.configuration-editing"},"activationEvent":"onLanguage:jsonc"}
[2019-12-13 15:57:08.170] [exthost] [info] ExtensionService#loadCommonJSModule file:///students/cs304reclib/.vscode-server/bin/f359dd69833dd8800b54d458f6d37ab7c78df520/extensions/configuration-editing/dist/extension
[2019-12-13 15:57:08.277] [exthost] [info] ExtensionService#_doActivateExtension vscode.json-language-features {"startup":false,"extensionId":{"value":"vscode.json-language-features","_lower":"vscode.json-language-features"},"activationEvent":"onLanguage:jsonc"}
[2019-12-13 15:57:08.277] [exthost] [info] ExtensionService#loadCommonJSModule file:///students/cs304reclib/.vscode-server/bin/f359dd69833dd8800b54d458f6d37ab7c78df520/extensions/json-language-features/client/dist/jsonMain
[2019-12-13 15:57:08.415] [exthost] [info] ExtensionService#_doActivateExtension vscode.typescript-language-features {"startup":false,"extensionId":{"value":"vscode.typescript-language-features","_lower":"vscode.typescript-language-features"},"activationEvent":"onLanguage:jsonc"}
[2019-12-13 15:57:08.415] [exthost] [info] ExtensionService#loadCommonJSModule file:///students/cs304reclib/.vscode-server/bin/f359dd69833dd8800b54d458f6d37ab7c78df520/extensions/typescript-language-features/dist/extension
