[2019-12-07 15:12:40.818] [exthost] [info] extension host started
[2019-12-07 15:12:41.670] [exthost] [info] ExtensionService#_doActivateExtension vscode.python {"startup":false,"extensionId":{"value":"vscode.python","_lower":"vscode.python"},"activationEvent":"onLanguage:python"}
[2019-12-07 15:12:41.671] [exthost] [info] ExtensionService#loadCommonJSModule file:///students/cs304reclib/.vscode-server/bin/f359dd69833dd8800b54d458f6d37ab7c78df520/extensions/python/dist/pythonMain
[2019-12-07 15:12:41.681] [exthost] [info] ExtensionService#_doActivateExtension vscode.debug-auto-launch {"startup":true,"extensionId":{"value":"vscode.debug-auto-launch","_lower":"vscode.debug-auto-launch"},"activationEvent":"*"}
[2019-12-07 15:12:41.681] [exthost] [info] ExtensionService#loadCommonJSModule file:///students/cs304reclib/.vscode-server/bin/f359dd69833dd8800b54d458f6d37ab7c78df520/extensions/debug-auto-launch/dist/extension
[2019-12-07 15:12:41.692] [exthost] [info] ExtensionService#_doActivateExtension vscode.emmet {"startup":true,"extensionId":{"value":"vscode.emmet","_lower":"vscode.emmet"},"activationEvent":"*"}
[2019-12-07 15:12:41.693] [exthost] [info] ExtensionService#loadCommonJSModule file:///students/cs304reclib/.vscode-server/bin/f359dd69833dd8800b54d458f6d37ab7c78df520/extensions/emmet/dist/extension
[2019-12-07 15:12:41.738] [exthost] [info] ExtensionService#_doActivateExtension vscode.git {"startup":true,"extensionId":{"value":"vscode.git","_lower":"vscode.git"},"activationEvent":"*"}
[2019-12-07 15:12:41.738] [exthost] [info] ExtensionService#loadCommonJSModule file:///students/cs304reclib/.vscode-server/bin/f359dd69833dd8800b54d458f6d37ab7c78df520/extensions/git/dist/main
[2019-12-07 15:12:41.821] [exthost] [info] ExtensionService#_doActivateExtension vscode.merge-conflict {"startup":true,"extensionId":{"value":"vscode.merge-conflict","_lower":"vscode.merge-conflict"},"activationEvent":"*"}
[2019-12-07 15:12:41.821] [exthost] [info] ExtensionService#loadCommonJSModule file:///students/cs304reclib/.vscode-server/bin/f359dd69833dd8800b54d458f6d37ab7c78df520/extensions/merge-conflict/dist/extension
[2019-12-07 15:12:41.840] [exthost] [info] eager extensions activated
[2019-12-07 15:12:41.845] [exthost] [info] ExtensionService#_doActivateExtension vscode.configuration-editing {"startup":false,"extensionId":{"value":"vscode.configuration-editing","_lower":"vscode.configuration-editing"},"activationEvent":"onLanguage:jsonc"}
[2019-12-07 15:12:41.845] [exthost] [info] ExtensionService#loadCommonJSModule file:///students/cs304reclib/.vscode-server/bin/f359dd69833dd8800b54d458f6d37ab7c78df520/extensions/configuration-editing/dist/extension
[2019-12-07 15:12:41.860] [exthost] [info] ExtensionService#_doActivateExtension vscode.json-language-features {"startup":false,"extensionId":{"value":"vscode.json-language-features","_lower":"vscode.json-language-features"},"activationEvent":"onLanguage:jsonc"}
[2019-12-07 15:12:41.861] [exthost] [info] ExtensionService#loadCommonJSModule file:///students/cs304reclib/.vscode-server/bin/f359dd69833dd8800b54d458f6d37ab7c78df520/extensions/json-language-features/client/dist/jsonMain
[2019-12-07 15:12:41.924] [exthost] [info] ExtensionService#_doActivateExtension vscode.typescript-language-features {"startup":false,"extensionId":{"value":"vscode.typescript-language-features","_lower":"vscode.typescript-language-features"},"activationEvent":"onLanguage:jsonc"}
[2019-12-07 15:12:41.924] [exthost] [info] ExtensionService#loadCommonJSModule file:///students/cs304reclib/.vscode-server/bin/f359dd69833dd8800b54d458f6d37ab7c78df520/extensions/typescript-language-features/dist/extension
[2019-12-07 15:12:41.976] [exthost] [info] ExtensionService#_doActivateExtension vscode.extension-editing {"startup":false,"extensionId":{"value":"vscode.extension-editing","_lower":"vscode.extension-editing"},"activationEvent":"onLanguage:json"}
[2019-12-07 15:12:41.977] [exthost] [info] ExtensionService#loadCommonJSModule file:///students/cs304reclib/.vscode-server/bin/f359dd69833dd8800b54d458f6d37ab7c78df520/extensions/extension-editing/dist/extension
[2019-12-07 15:12:41.996] [exthost] [info] ExtensionService#_doActivateExtension vscode.npm {"startup":false,"extensionId":{"value":"vscode.npm","_lower":"vscode.npm"},"activationEvent":"onLanguage:json"}
[2019-12-07 15:12:41.996] [exthost] [info] ExtensionService#loadCommonJSModule file:///students/cs304reclib/.vscode-server/bin/f359dd69833dd8800b54d458f6d37ab7c78df520/extensions/npm/dist/main
[2019-12-07 15:21:49.438] [exthost] [info] ExtensionService#_doActivateExtension vscode.html-language-features {"startup":false,"extensionId":{"value":"vscode.html-language-features","_lower":"vscode.html-language-features"},"activationEvent":"onLanguage:html"}
[2019-12-07 15:21:49.442] [exthost] [info] ExtensionService#loadCommonJSModule file:///students/cs304reclib/.vscode-server/bin/f359dd69833dd8800b54d458f6d37ab7c78df520/extensions/html-language-features/client/dist/htmlMain
