[2019-12-14 14:01:51.973] [exthost] [info] extension host started
[2019-12-14 14:01:52.027] [exthost] [info] ExtensionService#_doActivateExtension vscode.python {"startup":false,"extensionId":{"value":"vscode.python","_lower":"vscode.python"},"activationEvent":"onLanguage:python"}
[2019-12-14 14:01:52.028] [exthost] [info] ExtensionService#loadCommonJSModule file:///students/cs304reclib/.vscode-server/bin/f359dd69833dd8800b54d458f6d37ab7c78df520/extensions/python/dist/pythonMain
[2019-12-14 14:01:52.036] [exthost] [info] ExtensionService#_doActivateExtension vscode.debug-auto-launch {"startup":true,"extensionId":{"value":"vscode.debug-auto-launch","_lower":"vscode.debug-auto-launch"},"activationEvent":"*"}
[2019-12-14 14:01:52.036] [exthost] [info] ExtensionService#loadCommonJSModule file:///students/cs304reclib/.vscode-server/bin/f359dd69833dd8800b54d458f6d37ab7c78df520/extensions/debug-auto-launch/dist/extension
[2019-12-14 14:01:52.046] [exthost] [info] ExtensionService#_doActivateExtension vscode.emmet {"startup":true,"extensionId":{"value":"vscode.emmet","_lower":"vscode.emmet"},"activationEvent":"*"}
[2019-12-14 14:01:52.046] [exthost] [info] ExtensionService#loadCommonJSModule file:///students/cs304reclib/.vscode-server/bin/f359dd69833dd8800b54d458f6d37ab7c78df520/extensions/emmet/dist/extension
[2019-12-14 14:01:52.100] [exthost] [info] ExtensionService#_doActivateExtension vscode.git {"startup":true,"extensionId":{"value":"vscode.git","_lower":"vscode.git"},"activationEvent":"*"}
[2019-12-14 14:01:52.100] [exthost] [info] ExtensionService#loadCommonJSModule file:///students/cs304reclib/.vscode-server/bin/f359dd69833dd8800b54d458f6d37ab7c78df520/extensions/git/dist/main
[2019-12-14 14:01:52.229] [exthost] [info] ExtensionService#_doActivateExtension vscode.merge-conflict {"startup":true,"extensionId":{"value":"vscode.merge-conflict","_lower":"vscode.merge-conflict"},"activationEvent":"*"}
[2019-12-14 14:01:52.229] [exthost] [info] ExtensionService#loadCommonJSModule file:///students/cs304reclib/.vscode-server/bin/f359dd69833dd8800b54d458f6d37ab7c78df520/extensions/merge-conflict/dist/extension
[2019-12-14 14:01:52.279] [exthost] [info] eager extensions activated
[2019-12-14 14:26:35.177] [exthost] [info] ExtensionService#_doActivateExtension vscode.configuration-editing {"startup":false,"extensionId":{"value":"vscode.configuration-editing","_lower":"vscode.configuration-editing"},"activationEvent":"onLanguage:json"}
[2019-12-14 14:26:35.178] [exthost] [info] ExtensionService#loadCommonJSModule file:///students/cs304reclib/.vscode-server/bin/f359dd69833dd8800b54d458f6d37ab7c78df520/extensions/configuration-editing/dist/extension
[2019-12-14 14:26:35.202] [exthost] [info] ExtensionService#_doActivateExtension vscode.extension-editing {"startup":false,"extensionId":{"value":"vscode.extension-editing","_lower":"vscode.extension-editing"},"activationEvent":"onLanguage:json"}
[2019-12-14 14:26:35.202] [exthost] [info] ExtensionService#loadCommonJSModule file:///students/cs304reclib/.vscode-server/bin/f359dd69833dd8800b54d458f6d37ab7c78df520/extensions/extension-editing/dist/extension
[2019-12-14 14:26:35.221] [exthost] [info] ExtensionService#_doActivateExtension vscode.json-language-features {"startup":false,"extensionId":{"value":"vscode.json-language-features","_lower":"vscode.json-language-features"},"activationEvent":"onLanguage:json"}
[2019-12-14 14:26:35.222] [exthost] [info] ExtensionService#loadCommonJSModule file:///students/cs304reclib/.vscode-server/bin/f359dd69833dd8800b54d458f6d37ab7c78df520/extensions/json-language-features/client/dist/jsonMain
[2019-12-14 14:26:35.278] [exthost] [info] ExtensionService#_doActivateExtension vscode.npm {"startup":false,"extensionId":{"value":"vscode.npm","_lower":"vscode.npm"},"activationEvent":"onLanguage:json"}
[2019-12-14 14:26:35.278] [exthost] [info] ExtensionService#loadCommonJSModule file:///students/cs304reclib/.vscode-server/bin/f359dd69833dd8800b54d458f6d37ab7c78df520/extensions/npm/dist/main
[2019-12-14 14:26:38.684] [exthost] [info] ExtensionService#_doActivateExtension vscode.typescript-language-features {"startup":false,"extensionId":{"value":"vscode.typescript-language-features","_lower":"vscode.typescript-language-features"},"activationEvent":"onLanguage:javascript"}
[2019-12-14 14:26:38.684] [exthost] [info] ExtensionService#loadCommonJSModule file:///students/cs304reclib/.vscode-server/bin/f359dd69833dd8800b54d458f6d37ab7c78df520/extensions/typescript-language-features/dist/extension
