Looking for git in: git
Using git 2.16.5 from git
> git rev-parse --show-toplevel
> git rev-parse --git-dir
Open repository: /students/cs304reclib
> git status -z -u
> git check-ignore -v -z --stdin
> git check-ignore -v -z --stdin
> git symbolic-ref --short HEAD
> git rev-parse master
> git rev-parse --symbolic-full-name master@{u}
> git rev-list --left-right master...refs/remotes/origin/master
> git for-each-ref --format %(refname) %(objectname) --sort -committerdate
> git remote --verbose
> git config --get commit.template
> git check-ignore -v -z --stdin
> git check-ignore -v -z --stdin
> git check-ignore -v -z --stdin
> git check-ignore -v -z --stdin
> git check-ignore -v -z --stdin
> git check-ignore -v -z --stdin
> git check-ignore -v -z --stdin
> git show :alpha/templates/album.html
> git ls-files --stage -- alpha/templates/
> git show :alpha/templates/artist.html
> git ls-files --stage -- alpha/templates/
> git show :alpha/templates/base.html
> git ls-files --stage -- alpha/templates/
> git show :alpha/templates/album.html
> git ls-files --stage -- alpha/templates/
> git show :alpha/templates/artist.html
> git ls-files --stage -- alpha/templates/
> git check-ignore -v -z --stdin
> git check-ignore -v -z --stdin
> git check-ignore -v -z --stdin
> git check-ignore -v -z --stdin
> git check-ignore -v -z --stdin
> git check-ignore -v -z --stdin
> git check-ignore -v -z --stdin
> git check-ignore -v -z --stdin
> git check-ignore -v -z --stdin
> git check-ignore -v -z --stdin
> git check-ignore -v -z --stdin
> git show :alpha/templates/base.html
> git ls-files --stage -- alpha/templates/
> git show :alpha/templates/artist.html
> git ls-files --stage -- alpha/templates/
> git show :alpha/app.py
> git ls-files --stage -- alpha/
> git show :alpha/templates/artist.html
> git ls-files --stage -- alpha/templates/
> git show :alpha/templates/results.html
> git ls-files --stage -- alpha/templates/
> git show :alpha/templates/artist.html
> git ls-files --stage -- alpha/templates/
> git show :alpha/templates/results.html
> git ls-files --stage -- alpha/templates/
> git show :alpha/templates/artist.html
> git ls-files --stage -- alpha/templates/
> git show :alpha/templates/results.html
> git ls-files --stage -- alpha/templates/
> git show :alpha/templates/artist.html
> git ls-files --stage -- alpha/templates/
> git show :alpha/templates/results.html
> git ls-files --stage -- alpha/templates/
> git show :alpha/templates/artist.html
> git ls-files --stage -- alpha/templates/
> git show :alpha/templates/results.html
> git ls-files --stage -- alpha/templates/
> git show :alpha/static/style.css
> git ls-files --stage -- alpha/static/
> git show :alpha/templates/results.html
> git ls-files --stage -- alpha/templates/
> git show :alpha/templates/artist.html
> git ls-files --stage -- alpha/templates/
> git show :alpha/static/style.css
> git ls-files --stage -- alpha/static/
> git show :alpha/templates/results.html
> git ls-files --stage -- alpha/templates/
> git show :alpha/templates/album.html
> git ls-files --stage -- alpha/templates/
> git show :alpha/templates/results.html
> git ls-files --stage -- alpha/templates/
> git show :alpha/templates/artist.html
> git ls-files --stage -- alpha/templates/
> git show :alpha/templates/results.html
> git ls-files --stage -- alpha/templates/
> git show :alpha/templates/base.html
> git ls-files --stage -- alpha/templates/
> git show :alpha/templates/check-in.html
> git ls-files --stage -- alpha/templates/
> git show :alpha/templates/checkin.html
> git ls-files --stage -- alpha/templates/
> git show :alpha/templates/check-in.html
> git ls-files --stage -- alpha/templates/
> git show :alpha/templates/insert.html
> git ls-files --stage -- alpha/templates/
> git show :alpha/templates/results.html
> git ls-files --stage -- alpha/templates/
> git show :alpha/templates/update.html
> git ls-files --stage -- alpha/templates/
> git show :alpha/templates/insert.html
> git ls-files --stage -- alpha/templates/
> git show :alpha/templates/album.html
> git ls-files --stage -- alpha/templates/
> git show :alpha/templates/results.html
> git ls-files --stage -- alpha/templates/
> git show :alpha/templates/album.html
> git ls-files --stage -- alpha/templates/
> git show :alpha/add.py
> git ls-files --stage -- alpha/
> git show :alpha/templates/album.html
> git ls-files --stage -- alpha/templates/
> git show :alpha/app.py
> git ls-files --stage -- alpha/
> git show :alpha/templates/album.html
> git ls-files --stage -- alpha/templates/
> git show :alpha/static/style.css
> git ls-files --stage -- alpha/static/
> git show :alpha/templates/base.html
> git ls-files --stage -- alpha/templates/
> git show :alpha/templates/insert.html
> git ls-files --stage -- alpha/templates/
> git show :alpha/templates/album.html
> git ls-files --stage -- alpha/templates/
> git show :alpha/static/style.css
> git ls-files --stage -- alpha/static/
> git show :alpha/templates/base.html
> git ls-files --stage -- alpha/templates/
> git show :alpha/templates/album.html
> git ls-files --stage -- alpha/templates/
> git show :alpha/templates/insert.html
> git ls-files --stage -- alpha/templates/
> git show :alpha/templates/album.html
> git ls-files --stage -- alpha/templates/
> git show :alpha/static/style.css
> git ls-files --stage -- alpha/static/
> git show :alpha/templates/base.html
> git ls-files --stage -- alpha/templates/
> git show :alpha/templates/insert.html
> git ls-files --stage -- alpha/templates/
> git show :alpha/static/style.css
> git ls-files --stage -- alpha/static/
> git show :alpha/templates/base.html
> git ls-files --stage -- alpha/templates/
> git show :alpha/static/style.css
> git ls-files --stage -- alpha/static/
> git show :alpha/templates/base.html
> git ls-files --stage -- alpha/templates/
> git show :alpha/static/style.css
> git ls-files --stage -- alpha/static/
