Looking for git in: git
Using git 2.16.5 from git
> git rev-parse --show-toplevel
> git rev-parse --git-dir
Open repository: /students/cs304reclib
> git status -z -u
> git check-ignore -v -z --stdin
> git symbolic-ref --short HEAD
> git rev-parse master
> git rev-parse --symbolic-full-name master@{u}
fatal: no upstream configured for branch 'master'
> git for-each-ref --format %(refname) %(objectname) --sort -committerdate
> git remote --verbose
> git config --get commit.template
> git check-ignore -v -z --stdin
> git show :project/app.py
> git ls-files --stage -- project/
> git check-ignore -v -z --stdin
> git show :project/app.py
> git ls-files --stage -- project/
> git show :project/movie.py
> git ls-files --stage -- project/
> git show :project/reclib.py
> git ls-files --stage -- project/
> git check-ignore -v -z --stdin
> git show :project/app.py
> git ls-files --stage -- project/
> git show :project/reclib.py
> git ls-files --stage -- project/
> git show :project/app.py
> git ls-files --stage -- project/
> git show :project/reclib.py
> git ls-files --stage -- project/
> git check-ignore -v -z --stdin
> git show :project/app.py
> git ls-files --stage -- project/
> git show :project/templates/base.html
> git ls-files --stage -- project/templates/
> git show :project/templates/search.html
> git ls-files --stage -- project/templates/
> git show :project/templates/base.html
> git ls-files --stage -- project/templates/
> git show :project/templates/search.html
> git ls-files --stage -- project/templates/
> git show :project/templates/base.html
> git ls-files --stage -- project/templates/
> git show :project/templates/base.html
> git ls-files --stage -- project/templates/
