Looking for git in: git
Using git 2.16.5 from git
> git rev-parse --show-toplevel
> git rev-parse --git-dir
> git config --get commit.template
Open repository: /students/cs304reclib
> git status -z -u
> git check-ignore -v -z --stdin
> git check-ignore -v -z --stdin
> git check-ignore -v -z --stdin
> git symbolic-ref --short HEAD
> git rev-parse master
> git rev-parse --symbolic-full-name master@{u}
fatal: no upstream configured for branch 'master'
> git for-each-ref --format %(refname) %(objectname) --sort -committerdate
> git remote --verbose
> git check-ignore -v -z --stdin
> git check-ignore -v -z --stdin
> git check-ignore -v -z --stdin
> git check-ignore -v -z --stdin
> git check-ignore -v -z --stdin
> git check-ignore -v -z --stdin
> git check-ignore -v -z --stdin
> git show :project/app.py
> git ls-files --stage -- project/
> git check-ignore -v -z --stdin
> git show :project.0/templates/album.html
> git ls-files --stage -- project.0/templates/
> git show :project.0/templates/base.html
> git show :project.0/templates/results.html
> git show :project.0/templates/base.html
> git show :project.0/templates/album.html
> git ls-files --stage -- project.0/templates/
> git show :project.0/templates/base.html
> git show :project.0/templates/results.html
> git show :project.0/templates/add.html
> git ls-files --stage -- project.0/templates/
> git check-ignore -v -z --stdin
> git show :project.0/templates/results.html
> git show :project.0/templates/add.html
> git ls-files --stage -- project.0/templates/
> git show :project.0/templates/album.html
> git ls-files --stage -- project.0/templates/
> git show :project.0/templates/add.html
> git ls-files --stage -- project.0/templates/
> git show :project.0/templates/album.html
> git ls-files --stage -- project.0/templates/
> git show :project.0/getters.py
> git show :project.0/app.py
> git show :project.0/getters.py
> git show :project.0/templates/add.html
> git ls-files --stage -- project.0/templates/
> git show :project.0/app.py
> git show :project.0/templates/album.html
> git ls-files --stage -- project.0/templates/
> git show :project.0/templates/results.html
> git show :project.0/templates/album.html
> git ls-files --stage -- project.0/templates/
> git show :project.0/templates/add.html
> git ls-files --stage -- project.0/templates/
> git show :project.0/templates/album.html
> git ls-files --stage -- project.0/templates/
> git show :project.0/app.py
> git show :project.0/getters.py
> git show :project.0/templates/add.html
> git ls-files --stage -- project.0/templates/
> git show :project.0/templates/album.html
> git ls-files --stage -- project.0/templates/
> git show :project.0/getters.py
> git show :project.0/app.py
> git show :project.0/getters.py
> git show :project.0/templates/album.html
> git ls-files --stage -- project.0/templates/
> git show :project.0/templates/results.html
> git show :project.0/app.py
> git show :project.0/getters.py
> git show :project.0/app.py
> git show :project.0/getters.py
> git show :project.0/app.py
> git show :project.0/getters.py
