

*
* Visual Studio Code Server
*
* Reminder: You may only use this software with Visual Studio family products,
* as described in the license https://aka.ms/vscode-remote/license
*


IP Address: 149.130.15.5
Extension host agent listening on 46277


[14:01:50] Extension host agent started.
[14:01:51] [127.0.0.1][8aa5b388][ExtensionHostConnection] New connection established.
bash: cannot set terminal process group (-1): Inappropriate ioctl for device
bash: no job control in this shell
[14:01:51] [127.0.0.1][b59f4d48][ManagementConnection] New connection established.
[14:01:51] [127.0.0.1][8aa5b388][ExtensionHostConnection] <32035> Launched Extension Host Process.
[14:02:00] [File Watcher (chokidar)] Inotify limit reached (ENOSPC)
Error: write EPIPE
    at WriteWrap.onWriteComplete [as oncomplete] (internal/stream_base_commons.js:83:16) {
  errno: 'EPIPE',
  code: 'EPIPE',
  syscall: 'write'
}
Error: Unexpected SIGPIPE
    at process.<anonymous> (/students/cs304reclib/.vscode-server/bin/f359dd69833dd8800b54d458f6d37ab7c78df520/out/bootstrap.js:5:192)
    at process.emit (events.js:200:13)
Error: Unexpected SIGPIPE
    at process.<anonymous> (/students/cs304reclib/.vscode-server/bin/f359dd69833dd8800b54d458f6d37ab7c78df520/out/bootstrap.js:5:192)
    at process.emit (events.js:200:13)
[16:20:39] [127.0.0.1][b59f4d48][ManagementConnection] The client has disconnected, will wait for reconnection 3h before disposing...
[19:20:33] [127.0.0.1][8aa5b388][ExtensionHostConnection] <32035> Extension Host Process exited with code: 0, signal: null.
Last EH closed, waiting before shutting down
[19:20:33] Last EH closed, waiting before shutting down
[19:20:39] [127.0.0.1][b59f4d48][ManagementConnection] The reconnection grace time of 3h has expired, so the connection will be disposed.
Last EH closed, shutting down
[19:25:33] Last EH closed, shutting down
