Looking for git in: git
Using git 2.16.5 from git
> git rev-parse --show-toplevel
> git rev-parse --git-dir
Open repository: /students/cs304reclib
> git status -z -u
> git symbolic-ref --short HEAD
> git rev-parse master
> git rev-parse --symbolic-full-name master@{u}
> git rev-list --left-right master...refs/remotes/origin/master
> git for-each-ref --format %(refname) %(objectname) --sort -committerdate
> git remote --verbose
> git config --get commit.template
> git check-ignore -v -z --stdin
> git check-ignore -v -z --stdin
> git check-ignore -v -z --stdin
> git check-ignore -v -z --stdin
> git check-ignore -v -z --stdin
> git check-ignore -v -z --stdin
> git check-ignore -v -z --stdin
> git check-ignore -v -z --stdin
> git check-ignore -v -z --stdin
> git check-ignore -v -z --stdin
> git check-ignore -v -z --stdin
> git check-ignore -v -z --stdin
> git show :alpha/templates/base.html
> git check-ignore -v -z --stdin
> git check-ignore -v -z --stdin
> git check-ignore -v -z --stdin
> git check-ignore -v -z --stdin
> git check-ignore -v -z --stdin
> git check-ignore -v -z --stdin
> git check-ignore -v -z --stdin
> git check-ignore -v -z --stdin
> git check-ignore -v -z --stdin
> git check-ignore -v -z --stdin
> git check-ignore -v -z --stdin
> git check-ignore -v -z --stdin
> git check-ignore -v -z --stdin
> git check-ignore -v -z --stdin
> git show :alpha/getters.py
> git show :venv/lib/python3.7/site-packages/dbi.py
> git check-ignore -v -z --stdin
> git check-ignore -v -z --stdin
> git check-ignore -v -z --stdin
> git show :alpha/templates/reservation.html
> git show :alpha/app.py
> git show :alpha/getters.py
> git show :alpha/app.py
> git check-ignore -v -z --stdin
> git check-ignore -v -z --stdin
> git check-ignore -v -z --stdin
> git check-ignore -v -z --stdin
> git check-ignore -v -z --stdin
> git check-ignore -v -z --stdin
> git show :draft/.env
> git ls-files --stage -- draft/
> git check-ignore -v -z --stdin
> git show :alpha/uikit-3.2.4.zip
> git ls-files --stage -- alpha/
> git show :draft/.env
> git ls-files --stage -- draft/
> git check-ignore -v -z --stdin
> git check-ignore -v -z --stdin
> git show :alpha/uikit-3.2.4/css/uikit
> git ls-files --stage -- alpha/uikit-3.2.4/css/
> git check-ignore -v -z --stdin
> git check-ignore -v -z --stdin
> git show :alpha/uikit-3.2.4/css/uikit.css
> git ls-files --stage -- alpha/uikit-3.2.4/css/
> git show :alpha/.env
> git ls-files --stage -- alpha/
> git show :alpha/uikit-3.2.4/css/uikit.css
> git ls-files --stage -- alpha/uikit-3.2.4/css/
> git show :alpha/uikit-3.2.4/css/uikit.min.css
> git ls-files --stage -- alpha/uikit-3.2.4/css/
> git check-ignore -v -z --stdin
> git show :alpha/uikit-3.2.4/css/uikit-rtl.css
> git check-ignore -v -z --stdin
> git ls-files --stage -- alpha/uikit-3.2.4/css/
> git show :alpha/uikit-3.2.4/css/uikit-rtl.min.css
> git ls-files --stage -- alpha/uikit-3.2.4/css/
> git check-ignore -v -z --stdin
> git check-ignore -v -z --stdin
> git show :alpha/uikit-3.2.4/js/uikit
> git ls-files --stage -- alpha/uikit-3.2.4/js/
> git check-ignore -v -z --stdin
> git check-ignore -v -z --stdin
> git show :alpha/uikit-3.2.4/js/uikit.js
> git ls-files --stage -- alpha/uikit-3.2.4/js/
